09:26:45 [INFO] NOTICE: relation "version_feature" already exists, skipping
09:27:42 [INFO] NOTICE: relation "version_feature" already exists, skipping
09:27:56 [INFO] NOTICE: relation "version_feature" already exists, skipping
09:27:58 [INFO] Thread 1: Done crates - 7
09:27:59 [INFO] Thread 0: Done crates - 6
09:28:01 [INFO] Thread 1: Done crates - 8
09:28:01 [INFO] Thread 0: Done crates - 9
09:28:03 [INFO] Thread 1: Done crates - 10
09:28:04 [INFO] Thread 0: Done crates - 11
09:28:04 [INFO] Thread 1: Done crates - 12
09:29:22 [INFO] NOTICE: relation "version_feature" already exists, skipping
09:29:24 [INFO] Thread 0: Done crates - 7
09:29:24 [INFO] Thread 1: Done crates - 6
09:29:25 [INFO] Thread 0: Done crates - 8
09:29:26 [INFO] Thread 1: Done crates - 9
09:29:27 [INFO] Thread 0: Done crates - 10
09:29:28 [INFO] Thread 0: Done crates - 12
09:29:28 [INFO] Thread 1: Done crates - 11
09:29:29 [INFO] Thread 0: Done crates - 13
09:29:29 [INFO] Thread 1: Done crates - 14
09:29:31 [INFO] Thread 0: Done crates - 15
09:29:31 [INFO] Thread 1: Done crates - 16
09:29:35 [INFO] Thread 0: Done crates - 17
09:29:35 [INFO] Thread 1: Done crates - 18
09:29:37 [INFO] Thread 0: Done crates - 19
09:29:37 [INFO] Thread 1: Done crates - 20
09:29:40 [WARN] semver-0.1.0-["(default_type_params)", "(macro_rules)", "(slicing_syntax)"]
09:29:40 [WARN] semver-0.1.1-["(default_type_params)", "(macro_rules)", "(slicing_syntax)"]
09:29:40 [WARN] semver-0.1.10-["(associated_types, default_type_params, macro_rules, slicing_syntax, old_orphan_check)"]
09:29:40 [WARN] semver-0.1.11-["(slicing_syntax)"]
09:29:40 [WARN] semver-0.1.12-[]
09:29:40 [WARN] semver-0.1.13-[]
09:29:40 [WARN] semver-0.1.14-["(core, collections, unicode, hash, std_misc)"]
09:29:40 [WARN] semver-0.1.15-["(core, collections, unicode)"]
09:29:40 [WARN] semver-0.1.16-["(core, collections, unicode)"]
09:29:40 [WARN] semver-0.1.17-[]
09:29:40 [WARN] semver-0.1.18-[]
09:29:40 [WARN] semver-0.1.19-[]
09:29:40 [WARN] semver-0.1.2-["(default_type_params)", "(macro_rules)", "(slicing_syntax)"]
09:29:40 [WARN] semver-0.1.20-[]
09:29:40 [WARN] semver-0.1.3-["(default_type_params)", "(macro_rules)", "(slicing_syntax)"]
09:29:40 [WARN] semver-0.1.4-["(default_type_params)", "(macro_rules)", "(slicing_syntax)"]
09:29:40 [WARN] semver-0.1.5-["(default_type_params)", "(macro_rules)", "(slicing_syntax)"]
09:29:40 [WARN] semver-0.1.6-["(default_type_params, macro_rules, slicing_syntax)"]
09:29:40 [WARN] semver-0.1.7-["(default_type_params, macro_rules, slicing_syntax)"]
09:29:40 [WARN] semver-0.1.8-["(default_type_params, macro_rules, slicing_syntax, old_orphan_check)"]
09:29:40 [WARN] semver-0.1.9-["(associated_types, default_type_params, macro_rules, slicing_syntax, old_orphan_check)"]
09:29:40 [WARN] semver-0.10.0-[]
09:29:40 [WARN] semver-0.11.0-[]
09:29:40 [WARN] semver-0.2.0-[]
09:29:40 [WARN] semver-0.2.1-[]
09:29:40 [WARN] semver-0.2.2-[]
09:29:40 [WARN] semver-0.2.3-[]
09:29:40 [WARN] semver-0.4.0-[]
09:29:40 [WARN] semver-0.4.1-[]
09:29:40 [WARN] semver-0.5.0-[]
09:29:40 [WARN] semver-0.5.1-[]
09:29:40 [WARN] semver-0.6.0-[]
09:29:40 [WARN] semver-0.7.0-[]
09:29:40 [WARN] semver-0.8.0-[]
09:29:40 [WARN] semver-0.9.0-[]
09:29:40 [WARN] semver-1.0.0-[]
09:29:40 [WARN] semver-1.0.0-rc.1-[]
09:29:40 [WARN] semver-1.0.0-rc.2-[]
09:29:40 [WARN] semver-1.0.1-[]
09:29:40 [WARN] semver-1.0.2-[]
09:29:40 [WARN] semver-1.0.3-[]
09:29:40 [WARN] semver-1.0.4-[]
09:29:40 [WARN] semver-1.0.5-[]
09:29:40 [WARN] semver-1.0.6-[]
13:26:55 [WARN] semver-0.1.0-["(default_type_params)", "(macro_rules)", "(slicing_syntax)"]
13:26:55 [WARN] semver-0.1.1-["(default_type_params)", "(macro_rules)", "(slicing_syntax)"]
13:26:55 [WARN] semver-0.1.10-["(associated_types", " default_type_params", " macro_rules", " slicing_syntax", " old_orphan_check)"]
13:26:55 [WARN] semver-0.1.11-["(slicing_syntax)"]
13:26:55 [WARN] semver-0.1.12-[]
13:26:55 [WARN] semver-0.1.13-[]
13:26:55 [WARN] semver-0.1.14-["(core", " collections", " unicode", " hash", " std_misc)"]
13:26:55 [WARN] semver-0.1.15-["(core", " collections", " unicode)"]
13:26:55 [WARN] semver-0.1.16-["(core", " collections", " unicode)"]
13:26:55 [WARN] semver-0.1.17-[]
13:26:55 [WARN] semver-0.1.18-[]
13:26:55 [WARN] semver-0.1.19-[]
13:26:55 [WARN] semver-0.1.2-["(default_type_params)", "(macro_rules)", "(slicing_syntax)"]
13:26:55 [WARN] semver-0.1.20-[]
13:26:55 [WARN] semver-0.1.3-["(default_type_params)", "(macro_rules)", "(slicing_syntax)"]
13:26:55 [WARN] semver-0.1.4-["(default_type_params)", "(macro_rules)", "(slicing_syntax)"]
13:26:55 [WARN] semver-0.1.5-["(default_type_params)", "(macro_rules)", "(slicing_syntax)"]
13:26:55 [WARN] semver-0.1.6-["(default_type_params", " macro_rules", " slicing_syntax)"]
13:26:55 [WARN] semver-0.1.7-["(default_type_params", " macro_rules", " slicing_syntax)"]
13:26:55 [WARN] semver-0.1.8-["(default_type_params", " macro_rules", " slicing_syntax", " old_orphan_check)"]
13:26:55 [WARN] semver-0.1.9-["(associated_types", " default_type_params", " macro_rules", " slicing_syntax", " old_orphan_check)"]
13:26:55 [WARN] semver-0.10.0-[]
13:26:55 [WARN] semver-0.11.0-[]
13:26:55 [WARN] semver-0.2.0-[]
13:26:55 [WARN] semver-0.2.1-[]
13:26:55 [WARN] semver-0.2.2-[]
13:26:55 [WARN] semver-0.2.3-[]
13:26:55 [WARN] semver-0.4.0-[]
13:26:55 [WARN] semver-0.4.1-[]
13:26:55 [WARN] semver-0.5.0-[]
13:26:55 [WARN] semver-0.5.1-[]
13:26:55 [WARN] semver-0.6.0-[]
13:26:55 [WARN] semver-0.7.0-[]
13:26:55 [WARN] semver-0.8.0-[]
13:26:55 [WARN] semver-0.9.0-[]
13:26:55 [WARN] semver-1.0.0-[]
13:26:55 [WARN] semver-1.0.0-rc.1-[]
13:26:55 [WARN] semver-1.0.0-rc.2-[]
13:26:55 [WARN] semver-1.0.1-[]
13:26:55 [WARN] semver-1.0.2-[]
13:26:55 [WARN] semver-1.0.3-[]
13:26:55 [WARN] semver-1.0.4-[]
13:26:55 [WARN] semver-1.0.5-[]
13:26:55 [WARN] semver-1.0.6-[]
13:26:56 [WARN] tar-0.0.1-["(macro_rules)"]
13:26:56 [WARN] tar-0.0.2-["(macro_rules)"]
13:26:56 [WARN] tar-0.0.3-["(macro_rules)"]
13:28:21 [WARN] semver-0.1.0-["(default_type_params)", "(macro_rules)", "(slicing_syntax)"]
13:28:21 [WARN] semver-0.1.1-["(default_type_params)", "(macro_rules)", "(slicing_syntax)"]
13:28:21 [WARN] semver-0.1.10-["(associated_types", "default_type_params", "macro_rules", "slicing_syntax", "old_orphan_check)"]
13:28:21 [WARN] semver-0.1.11-["(slicing_syntax)"]
13:28:21 [WARN] semver-0.1.12-[]
13:28:21 [WARN] semver-0.1.13-[]
13:28:21 [WARN] semver-0.1.14-["(core", "collections", "unicode", "hash", "std_misc)"]
13:28:21 [WARN] semver-0.1.15-["(core", "collections", "unicode)"]
13:28:21 [WARN] semver-0.1.16-["(core", "collections", "unicode)"]
13:28:21 [WARN] semver-0.1.17-[]
13:28:21 [WARN] semver-0.1.18-[]
13:28:21 [WARN] semver-0.1.19-[]
13:28:21 [WARN] semver-0.1.2-["(default_type_params)", "(macro_rules)", "(slicing_syntax)"]
13:28:21 [WARN] semver-0.1.20-[]
13:28:21 [WARN] semver-0.1.3-["(default_type_params)", "(macro_rules)", "(slicing_syntax)"]
13:28:21 [WARN] semver-0.1.4-["(default_type_params)", "(macro_rules)", "(slicing_syntax)"]
13:28:21 [WARN] semver-0.1.5-["(default_type_params)", "(macro_rules)", "(slicing_syntax)"]
13:28:21 [WARN] semver-0.1.6-["(default_type_params", "macro_rules", "slicing_syntax)"]
13:28:21 [WARN] semver-0.1.7-["(default_type_params", "macro_rules", "slicing_syntax)"]
13:28:21 [WARN] semver-0.1.8-["(default_type_params", "macro_rules", "slicing_syntax", "old_orphan_check)"]
13:28:21 [WARN] semver-0.1.9-["(associated_types", "default_type_params", "macro_rules", "slicing_syntax", "old_orphan_check)"]
13:28:21 [WARN] semver-0.10.0-[]
13:28:21 [WARN] semver-0.11.0-[]
13:28:21 [WARN] semver-0.2.0-[]
13:28:21 [WARN] semver-0.2.1-[]
13:28:21 [WARN] semver-0.2.2-[]
13:28:21 [WARN] semver-0.2.3-[]
13:28:21 [WARN] semver-0.4.0-[]
13:28:21 [WARN] semver-0.4.1-[]
13:28:21 [WARN] semver-0.5.0-[]
13:28:21 [WARN] semver-0.5.1-[]
13:28:21 [WARN] semver-0.6.0-[]
13:28:21 [WARN] semver-0.7.0-[]
13:28:21 [WARN] semver-0.8.0-[]
13:28:21 [WARN] semver-0.9.0-[]
13:28:21 [WARN] semver-1.0.0-[]
13:28:21 [WARN] semver-1.0.0-rc.1-[]
13:28:21 [WARN] semver-1.0.0-rc.2-[]
13:28:21 [WARN] semver-1.0.1-[]
13:28:21 [WARN] semver-1.0.2-[]
13:28:21 [WARN] semver-1.0.3-[]
13:28:21 [WARN] semver-1.0.4-[]
13:28:21 [WARN] semver-1.0.5-[]
13:28:21 [WARN] semver-1.0.6-[]
13:28:22 [WARN] tar-0.0.1-["(macro_rules)"]
13:28:22 [WARN] tar-0.0.2-["(macro_rules)"]
13:28:22 [WARN] tar-0.0.3-["(macro_rules)"]
13:28:22 [WARN] tar-0.1.0-["(macro_rules)"]
13:28:22 [WARN] tar-0.1.1-["(macro_rules)"]
13:28:22 [WARN] tar-0.1.10-["(io", "path", "core", "collections", "std_misc)"]
13:28:22 [WARN] tar-0.1.11-["(old_io", "old_path", "core", "collections", "std_misc)"]
13:28:22 [WARN] tar-0.1.2-["(macro_rules)"]
13:28:22 [WARN] tar-0.1.3-["(macro_rules)"]
13:28:22 [WARN] tar-0.1.4-["(macro_rules)"]
13:28:22 [WARN] tar-0.1.5-["(macro_rules", "associated_types)"]
13:28:22 [WARN] tar-0.1.6-[]
13:28:22 [WARN] tar-0.1.7-[]
13:28:22 [WARN] tar-0.1.8-[]
13:28:22 [WARN] tar-0.1.9-[]
13:28:22 [WARN] tar-0.2.0-["(core", "collections", "std_misc", "io", "path", "fs", "os)"]
13:28:22 [WARN] tar-0.2.1-["(core", "collections", "std_misc", "io", "path", "fs", "os)"]
13:28:22 [WARN] tar-0.2.10-["(fs", "fs_time", "fs_ext)"]
13:28:22 [WARN] tar-0.2.11-["(metadata_ext", "fs)"]
13:28:22 [WARN] tar-0.2.12-[]
13:28:22 [WARN] tar-0.2.13-[]
13:28:22 [WARN] tar-0.2.14-[]
13:28:22 [WARN] tar-0.2.2-["(core", "collections", "std_misc", "io", "path", "fs", "os)"]
13:28:22 [WARN] tar-0.2.3-["(core", "collections", "std_misc", "io", "path", "fs", "os)"]
13:28:22 [WARN] tar-0.2.4-["(core", "std_misc", "io", "fs", "fs_time)"]
13:28:22 [WARN] tar-0.2.5-["(core", "std_misc", "io", "fs", "fs_time)"]
13:28:22 [WARN] tar-0.2.6-["(core", "io", "fs", "fs_time", "fs_ext)"]
13:28:22 [WARN] tar-0.2.7-["(core", "io", "fs", "fs_time", "fs_ext)"]
13:28:22 [WARN] tar-0.2.8-["(io", "fs", "fs_time", "fs_ext)"]
13:28:22 [WARN] tar-0.2.9-["(fs", "fs_time", "fs_ext)"]
13:28:22 [WARN] tar-0.3.0-[]
13:28:22 [WARN] tar-0.3.1-[]
13:28:22 [WARN] tar-0.3.2-[]
13:28:22 [WARN] tar-0.3.3-[]
13:28:22 [WARN] tar-0.3.4-[]
13:28:22 [WARN] tar-0.4.0-[]
13:28:22 [WARN] tar-0.4.10-[]
13:28:22 [WARN] tar-0.4.11-[]
13:28:22 [WARN] tar-0.4.12-[]
13:28:22 [WARN] tar-0.4.13-[]
13:28:22 [WARN] tar-0.4.14-[]
13:28:22 [WARN] tar-0.4.15-[]
13:28:22 [WARN] tar-0.4.16-[]
13:28:22 [WARN] tar-0.4.17-[]
13:28:22 [WARN] tar-0.4.18-[]
13:28:22 [WARN] tar-0.4.19-[]
13:28:22 [WARN] tar-0.4.2-[]
13:28:22 [WARN] tar-0.4.20-[]
13:28:22 [WARN] tar-0.4.21-[]
13:28:22 [WARN] tar-0.4.22-[]
13:28:22 [WARN] tar-0.4.23-[]
13:28:22 [WARN] tar-0.4.24-[]
13:28:22 [WARN] tar-0.4.25-[]
13:28:22 [WARN] tar-0.4.26-[]
13:28:22 [WARN] tar-0.4.27-[]
13:28:22 [WARN] tar-0.4.28-[]
13:28:22 [WARN] tar-0.4.29-[]
13:28:55 [WARN] semver-0.1.0-["default_type_params", "macro_rules", "slicing_syntax"]
13:28:55 [WARN] semver-0.1.1-["default_type_params", "macro_rules", "slicing_syntax"]
13:28:55 [WARN] semver-0.1.10-["associated_types", "default_type_params", "macro_rules", "slicing_syntax", "old_orphan_check"]
13:28:55 [WARN] semver-0.1.11-["slicing_syntax"]
13:28:55 [WARN] semver-0.1.12-[]
13:28:55 [WARN] semver-0.1.13-[]
13:28:55 [WARN] semver-0.1.14-["core", "collections", "unicode", "hash", "std_misc"]
13:28:55 [WARN] semver-0.1.15-["core", "collections", "unicode"]
13:28:55 [WARN] semver-0.1.16-["core", "collections", "unicode"]
13:28:55 [WARN] semver-0.1.17-[]
13:28:55 [WARN] semver-0.1.18-[]
13:28:55 [WARN] semver-0.1.19-[]
13:28:55 [WARN] semver-0.1.2-["default_type_params", "macro_rules", "slicing_syntax"]
13:28:55 [WARN] semver-0.1.20-[]
13:28:55 [WARN] semver-0.1.3-["default_type_params", "macro_rules", "slicing_syntax"]
13:28:55 [WARN] semver-0.1.4-["default_type_params", "macro_rules", "slicing_syntax"]
13:28:55 [WARN] semver-0.1.5-["default_type_params", "macro_rules", "slicing_syntax"]
13:28:55 [WARN] semver-0.1.6-["default_type_params", "macro_rules", "slicing_syntax"]
13:28:55 [WARN] semver-0.1.7-["default_type_params", "macro_rules", "slicing_syntax"]
13:28:55 [WARN] semver-0.1.8-["default_type_params", "macro_rules", "slicing_syntax", "old_orphan_check"]
13:28:55 [WARN] semver-0.1.9-["associated_types", "default_type_params", "macro_rules", "slicing_syntax", "old_orphan_check"]
13:28:55 [WARN] semver-0.10.0-[]
13:28:55 [WARN] semver-0.11.0-[]
13:28:55 [WARN] semver-0.2.0-[]
13:28:55 [WARN] semver-0.2.1-[]
13:28:55 [WARN] semver-0.2.2-[]
13:28:55 [WARN] semver-0.2.3-[]
13:28:55 [WARN] semver-0.4.0-[]
13:28:55 [WARN] semver-0.4.1-[]
13:28:55 [WARN] semver-0.5.0-[]
13:28:55 [WARN] semver-0.5.1-[]
13:28:55 [WARN] semver-0.6.0-[]
13:28:55 [WARN] semver-0.7.0-[]
13:28:55 [WARN] semver-0.8.0-[]
13:28:55 [WARN] semver-0.9.0-[]
13:28:55 [WARN] semver-1.0.0-[]
13:28:55 [WARN] semver-1.0.0-rc.1-[]
13:28:55 [WARN] semver-1.0.0-rc.2-[]
13:28:55 [WARN] semver-1.0.1-[]
13:28:55 [WARN] semver-1.0.2-[]
13:28:55 [WARN] semver-1.0.3-[]
13:28:55 [WARN] semver-1.0.4-[]
13:28:55 [WARN] semver-1.0.5-[]
13:28:55 [WARN] semver-1.0.6-[]
14:28:42 [ERROR] Thread 4: panic, panicked at 'error retrieving column 0: error deserializing column 0: cannot convert between the Rust type `i64` and the Postgres type `int4`', /Users/wyffeiwhe/.cargo/registry/src/mirrors.ustc.edu.cn-61ef6e0cd06fb9b8/tokio-postgres-0.7.6/src/row.rs:151:25
14:29:51 [WARN] Thread 1: Fetch fails: crate 6 tar, Download error, [Err(Download(./on_process/tar/0.4.35.tgz: (verification: unverified):
)), Err(Download(./on_process/tar/0.4.28.tgz: (verification: unverified):
)), Err(Download(./on_process/tar/0.1.10.tgz: (verification: unverified):
)), Err(Download(./on_process/tar/0.4.38.tgz: (verification: unverified):
)), Err(Download(./on_process/tar/0.2.5.tgz: (verification: unverified):
)), Err(Download(./on_process/tar/0.4.30.tgz: (verification: unverified):
)), Err(Download(./on_process/tar/0.4.15.tgz: (verification: unverified):
)), Err(Download(./on_process/tar/0.3.1.tgz: (verification: unverified):
)), Err(Download(./on_process/tar/0.2.11.tgz: (verification: unverified):
)), Err(Download(./on_process/tar/0.2.7.tgz: (verification: unverified):
)), Err(Download(./on_process/tar/0.0.2.tgz: (verification: unverified):
)), Err(Download(./on_process/tar/0.1.1.tgz: (verification: unverified):
)), Err(Download(./on_process/tar/0.1.3.tgz: (verification: unverified):
)), Err(Download(./on_process/tar/0.1.7.tgz: (verification: unverified):
)), Err(Download(./on_process/tar/0.3.2.tgz: (verification: unverified):
)), Err(Download(./on_process/tar/0.2.12.tgz: (verification: unverified):
)), Err(Download(./on_process/tar/0.2.1.tgz: (verification: unverified):
)), Err(Download(./on_process/tar/0.4.27.tgz: (verification: unverified):
)), Err(Download(./on_process/tar/0.4.18.tgz: (verification: unverified):
)), Err(Download(./on_process/tar/0.2.6.tgz: (verification: unverified):
)), Err(Download(./on_process/tar/0.4.2.tgz: (verification: unverified):
)), Err(Download(./on_process/tar/0.1.11.tgz: (verification: unverified):
)), Err(Download(./on_process/tar/0.3.0.tgz: (verification: unverified):
)), Err(Download(./on_process/tar/0.4.9.tgz: (verification: unverified):
)), Err(Download(./on_process/tar/0.4.24.tgz: (verification: unverified):
)), Err(Download(./on_process/tar/0.4.7.tgz: (verification: unverified):
)), Err(Download(./on_process/tar/0.4.21.tgz: (verification: unverified):
)), Err(Download(./on_process/tar/0.4.5.tgz: (verification: unverified):
)), Err(Download(./on_process/tar/0.1.5.tgz: (verification: unverified):
)), Err(Download(./on_process/tar/0.2.14.tgz: (verification: unverified):
)), Err(Download(./on_process/tar/0.4.11.tgz: (verification: unverified):
)), Err(Download(./on_process/tar/0.4.4.tgz: (verification: unverified):
)), Err(Download(./on_process/tar/0.4.8.tgz: (verification: unverified):
)), Err(Download(./on_process/tar/0.4.12.tgz: (verification: unverified):
)), Err(Download(./on_process/tar/0.4.3.tgz: (verification: unverified):
)), Err(Download(./on_process/tar/0.4.25.tgz: (verification: unverified):
)), Err(Download(./on_process/tar/0.3.3.tgz: (verification: unverified):
)), Err(Download(./on_process/tar/0.2.10.tgz: (verification: unverified):
)), Err(Download(./on_process/tar/0.4.16.tgz: (verification: unverified):
)), Err(Download(./on_process/tar/0.4.36.tgz: (verification: unverified):
)), Err(Download(./on_process/tar/0.4.33.tgz: (verification: unverified):
)), Err(Download(./on_process/tar/0.1.6.tgz: (verification: unverified):
)), Err(Download(./on_process/tar/0.0.1.tgz: (verification: unverified):
)), Err(Download(./on_process/tar/0.2.8.tgz: (verification: unverified):
)), Err(Download(./on_process/tar/0.2.9.tgz: (verification: unverified):
)), Err(Download(./on_process/tar/0.1.0.tgz: (verification: unverified):
)), Err(Download(./on_process/tar/0.0.3.tgz: (verification: unverified):
)), Err(Download(./on_process/tar/0.1.9.tgz: (verification: unverified):
)), Err(Download(./on_process/tar/0.2.0.tgz: (verification: unverified):
)), Err(Download(./on_process/tar/0.1.4.tgz: (verification: unverified):
)), Err(Download(./on_process/tar/0.2.2.tgz: (verification: unverified):
)), Err(Download(./on_process/tar/0.2.3.tgz: (verification: unverified):
)), Err(Download(./on_process/tar/0.1.8.tgz: (verification: unverified):
)), Err(Download(./on_process/tar/0.1.2.tgz: (verification: unverified):
)), Err(Download(./on_process/tar/0.4.0.tgz: (verification: unverified):
)), Err(Download(./on_process/tar/0.4.34.tgz: (verification: unverified):
)), Err(Download(./on_process/tar/0.2.4.tgz: (verification: unverified):
)), Err(Download(./on_process/tar/0.4.10.tgz: (verification: unverified):
)), Err(Download(./on_process/tar/0.4.31.tgz: (verification: unverified):
)), Err(Download(./on_process/tar/0.4.29.tgz: (verification: unverified):
)), Err(Download(./on_process/tar/0.4.23.tgz: (verification: unverified):
)), Err(Download(./on_process/tar/0.4.37.tgz: (verification: unverified):
)), Err(Download(./on_process/tar/0.4.14.tgz: (verification: unverified):
)), Err(Download(./on_process/tar/0.4.32.tgz: (verification: unverified):
)), Err(Download(./on_process/tar/0.4.26.tgz: (verification: unverified):
)), Err(Download(./on_process/tar/0.4.20.tgz: (verification: unverified):
)), Err(Download(./on_process/tar/0.2.13.tgz: (verification: unverified):
)), Err(Download(./on_process/tar/0.4.6.tgz: (verification: unverified):
)), Err(Download(./on_process/tar/0.4.17.tgz: (verification: unverified):
)), Err(Download(./on_process/tar/0.4.13.tgz: (verification: unverified):
)), Err(Download(./on_process/tar/0.4.22.tgz: (verification: unverified):
)), Err(Download(./on_process/tar/0.4.19.tgz: (verification: unverified):
)), Err(Download(./on_process/tar/0.3.4.tgz: (verification: unverified):
))]
14:29:51 [WARN] Thread 3: Fetch fails: crate 7 semver, Download error, [Err(Download(./on_process/semver/0.1.0.tgz: (verification: unverified):
)), Err(Download(./on_process/semver/0.1.10.tgz: (verification: unverified):
)), Err(Download(./on_process/semver/1.0.5.tgz: (verification: unverified):
)), Err(Download(./on_process/semver/0.1.18.tgz: (verification: unverified):
)), Err(Download(./on_process/semver/0.1.11.tgz: (verification: unverified):
)), Err(Download(./on_process/semver/1.0.0-rc.1.tgz: (verification: unverified):
)), Err(Download(./on_process/semver/1.0.0.tgz: (verification: unverified):
)), Err(Download(./on_process/semver/0.2.2.tgz: (verification: unverified):
)), Err(Download(./on_process/semver/0.1.8.tgz: (verification: unverified):
)), Err(Download(./on_process/semver/0.1.6.tgz: (verification: unverified):
)), Err(Download(./on_process/semver/0.1.14.tgz: (verification: unverified):
)), Err(Download(./on_process/semver/0.1.15.tgz: (verification: unverified):
)), Err(Download(./on_process/semver/0.1.9.tgz: (verification: unverified):
)), Err(Download(./on_process/semver/0.1.12.tgz: (verification: unverified):
)), Err(Download(./on_process/semver/0.1.4.tgz: (verification: unverified):
)), Err(Download(./on_process/semver/0.1.13.tgz: (verification: unverified):
)), Err(Download(./on_process/semver/0.1.5.tgz: (verification: unverified):
)), Err(Download(./on_process/semver/0.1.7.tgz: (verification: unverified):
)), Err(Download(./on_process/semver/0.1.1.tgz: (verification: unverified):
)), Err(Download(./on_process/semver/0.1.3.tgz: (verification: unverified):
)), Err(Download(./on_process/semver/0.5.0.tgz: (verification: unverified):
)), Err(Download(./on_process/semver/0.1.17.tgz: (verification: unverified):
)), Err(Download(./on_process/semver/0.1.2.tgz: (verification: unverified):
)), Err(Download(./on_process/semver/0.2.3.tgz: (verification: unverified):
)), Err(Download(./on_process/semver/0.9.0.tgz: (verification: unverified):
)), Err(Download(./on_process/semver/0.11.0.tgz: (verification: unverified):
)), Err(Download(./on_process/semver/0.2.0.tgz: (verification: unverified):
)), Err(Download(./on_process/semver/1.0.4.tgz: (verification: unverified):
)), Err(Download(./on_process/semver/0.4.0.tgz: (verification: unverified):
)), Err(Download(./on_process/semver/0.1.16.tgz: (verification: unverified):
)), Err(Download(./on_process/semver/0.10.0.tgz: (verification: unverified):
)), Err(Download(./on_process/semver/0.7.0.tgz: (verification: unverified):
)), Err(Download(./on_process/semver/1.0.3.tgz: (verification: unverified):
)), Err(Download(./on_process/semver/1.0.2.tgz: (verification: unverified):
)), Err(Download(./on_process/semver/0.4.1.tgz: (verification: unverified):
)), Err(Download(./on_process/semver/1.0.1.tgz: (verification: unverified):
)), Err(Download(./on_process/semver/1.0.0-rc.2.tgz: (verification: unverified):
)), Err(Download(./on_process/semver/0.1.20.tgz: (verification: unverified):
)), Err(Download(./on_process/semver/0.8.0.tgz: (verification: unverified):
)), Err(Download(./on_process/semver/0.1.19.tgz: (verification: unverified):
)), Err(Download(./on_process/semver/0.2.1.tgz: (verification: unverified):
)), Err(Download(./on_process/semver/0.5.1.tgz: (verification: unverified):
)), Err(Download(./on_process/semver/1.0.6.tgz: (verification: unverified):
)), Err(Download(./on_process/semver/0.6.0.tgz: (verification: unverified):
))]
14:29:51 [WARN] Thread 4: Fetch fails: crate 8 glob, Download error, [Err(Download(./on_process/glob/0.3.0.tgz: (verification: unverified):
)), Err(Download(./on_process/glob/0.1.7.tgz: (verification: unverified):
)), Err(Download(./on_process/glob/0.2.9.tgz: (verification: unverified):
)), Err(Download(./on_process/glob/0.2.8.tgz: (verification: unverified):
)), Err(Download(./on_process/glob/0.2.0.tgz: (verification: unverified):
)), Err(Download(./on_process/glob/0.1.3.tgz: (verification: unverified):
)), Err(Download(./on_process/glob/0.0.2.tgz: (verification: unverified):
)), Err(Download(./on_process/glob/0.2.2.tgz: (verification: unverified):
)), Err(Download(./on_process/glob/0.2.5.tgz: (verification: unverified):
)), Err(Download(./on_process/glob/0.1.0.tgz: (verification: unverified):
)), Err(Download(./on_process/glob/0.2.6.tgz: (verification: unverified):
)), Err(Download(./on_process/glob/0.0.1.tgz: (verification: unverified):
)), Err(Download(./on_process/glob/0.2.1.tgz: (verification: unverified):
)), Err(Download(./on_process/glob/0.1.5.tgz: (verification: unverified):
)), Err(Download(./on_process/glob/0.2.3.tgz: (verification: unverified):
)), Err(Download(./on_process/glob/0.1.8.tgz: (verification: unverified):
)), Err(Download(./on_process/glob/0.2.7.tgz: (verification: unverified):
)), Err(Download(./on_process/glob/0.1.6.tgz: (verification: unverified):
)), Err(Download(./on_process/glob/0.1.1.tgz: (verification: unverified):
)), Err(Download(./on_process/glob/0.0.3.tgz: (verification: unverified):
)), Err(Download(./on_process/glob/0.2.10.tgz: (verification: unverified):
)), Err(Download(./on_process/glob/0.1.2.tgz: (verification: unverified):
)), Err(Download(./on_process/glob/0.1.4.tgz: (verification: unverified):
)), Err(Download(./on_process/glob/0.2.4.tgz: (verification: unverified):
)), Err(Download(./on_process/glob/0.1.9.tgz: (verification: unverified):
)), Err(Download(./on_process/glob/0.2.11.tgz: (verification: unverified):
))]
14:29:52 [WARN] Thread 1: Deal fails: crate 12 rlibc, db error: ERROR: cannot insert multiple commands into a prepared statement
14:29:52 [WARN] Thread 3: Deal fails: crate 13 typeable, db error: ERROR: cannot insert multiple commands into a prepared statement
14:29:53 [WARN] Thread 4: Deal fails: crate 14 phantom, db error: ERROR: cannot insert multiple commands into a prepared statement
14:29:53 [WARN] Thread 2: Deal fails: crate 10 uuid, db error: ERROR: cannot insert multiple commands into a prepared statement
14:29:53 [WARN] Thread 5: Deal fails: crate 9 num, db error: ERROR: cannot insert multiple commands into a prepared statement
14:29:54 [WARN] Thread 0: Deal fails: crate 11 toml, db error: ERROR: cannot insert multiple commands into a prepared statement
14:29:54 [WARN] Thread 1: Deal fails: crate 15 unsafe-any, db error: ERROR: cannot insert multiple commands into a prepared statement
14:29:54 [WARN] Thread 4: Deal fails: crate 17 convertible, db error: ERROR: cannot insert multiple commands into a prepared statement
14:34:04 [WARN] Thread 4: Deal fails: crate 10 uuid, db error: ERROR: column "default_type_params" does not exist
14:34:04 [WARN] Thread 1: Deal fails: crate 9 num, db error: ERROR: column "collections" does not exist
14:34:05 [WARN] Thread 5: Deal fails: crate 8 glob, db error: ERROR: column "path" does not exist
14:34:05 [WARN] Thread 2: Deal fails: crate 6 tar, db error: ERROR: column "io" does not exist
HINT: Perhaps you meant to reference the column "version_feature.id".
14:34:05 [WARN] Thread 3: Deal fails: crate 7 semver, db error: ERROR: column "default_type_params" does not exist
14:34:05 [WARN] Thread 0: Deal fails: crate 11 toml, db error: ERROR: column "collections" does not exist
14:34:05 [WARN] Thread 4: Deal fails: crate 12 rlibc, db error: ERROR: column "phase" does not exist
14:34:05 [WARN] Thread 1: Deal fails: crate 13 typeable, db error: ERROR: column "core" does not exist
14:34:06 [WARN] Thread 2: Deal fails: crate 15 unsafe-any, db error: ERROR: column "core" does not exist
14:34:06 [WARN] Thread 3: Deal fails: crate 16 typemap, db error: ERROR: column "core" does not exist
14:34:06 [WARN] Thread 1: Deal fails: crate 19 enforce, db error: ERROR: column "macro_rules" does not exist
14:34:07 [WARN] Thread 4: Deal fails: crate 18 stainless, db error: ERROR: column "plugin_registrar" does not exist
14:40:22 [WARN] Thread 3: Deal fails: crate 37 flate2, corrupt deflate stream
